{"timestamp": "2025-11-14T17:33:57.932736Z", "file_path": "C:\\Users\\vishn\\Downloads\\silence_no_sound.mp3", "reason": "low_snr", "metrics": {"original_sr": 44100.0, "duration_sec": 10.657732426303856, "rms": 0.0, "peak": 0.0, "silence_like": 1.0}}
{"timestamp": "2025-11-14T17:38:34.923878Z", "file_path": "C:\\Users\\vishn\\Downloads\\classical-royal-british-music-427631.mp3", "reason": "spikes", "metrics": {"original_sr": 44100.0, "duration_sec": 85.55102040816327, "rms": 0.09248065203428268, "peak": 0.5838966965675354, "speech_fraction": 0.1628222523744912, "snr_db": 7.437066814994968, "music_ratio": 0.8240731022446963, "flatness_ratio": 0.0013568521031207597, "clipping_fraction": 0.0, "spike_fraction": 0.0030004240882103477}}
{"timestamp": "2025-11-14T17:48:26.559088Z", "file_path": "V:\\vishnu\\notes pdf\\5th SEM\\mini project(3c)\\project-1\\tmp_short.wav", "reason": "short_clip", "metrics": {"original_sr": 22050.0, "duration_sec": 1.0}}
{"timestamp": "2025-11-14T17:48:55.638403Z", "file_path": "V:\\vishnu\\notes pdf\\5th SEM\\mini project(3c)\\project-1\\tmp_silence.wav", "reason": "low_snr", "metrics": {"original_sr": 22050.0, "duration_sec": 5.0, "rms": 0.0, "peak": 0.0, "silence_like": 1.0}}
{"timestamp": "2025-11-14T17:49:20.750415Z", "file_path": "V:\\vishnu\\notes pdf\\5th SEM\\mini project(3c)\\project-1\\tmp_noise.wav", "reason": "low_snr", "metrics": {"original_sr": 22050.0, "duration_sec": 30.0, "rms": 0.29981252551078796, "peak": 1.0, "speech_fraction": 0.0, "snr_db": 0.27053375963738197, "snr_reason": "below_threshold"}}
{"timestamp": "2025-11-14T17:53:02.506392Z", "file_path": "V:\\vishnu\\notes pdf\\5th SEM\\mini project(3c)\\project-1\\tmp_silence.wav", "reason": "low_snr", "metrics": {"original_sr": 22050.0, "duration_sec": 5.0, "rms": 0.0, "peak": 0.0, "silence_like": 1.0}}
{"timestamp": "2025-11-14T17:53:16.655461Z", "file_path": "V:\\vishnu\\notes pdf\\5th SEM\\mini project(3c)\\project-1\\tmp_short.wav", "reason": "short_clip", "metrics": {"original_sr": 22050.0, "duration_sec": 1.0}}
{"timestamp": "2025-11-14T17:53:25.109240Z", "file_path": "V:\\vishnu\\notes pdf\\5th SEM\\mini project(3c)\\project-1\\tmp_noise.wav", "reason": "low_snr", "metrics": {"original_sr": 22050.0, "duration_sec": 30.0, "rms": 0.29981252551078796, "peak": 1.0, "speech_fraction": 0.0, "snr_db": 0.27053375963738197, "snr_reason": "below_threshold"}}
{"timestamp": "2025-11-14T17:55:15.958624Z", "file_path": "V:\\vishnu\\notes pdf\\5th SEM\\mini project(3c)\\project-1\\tmp_silence.wav", "reason": "low_snr", "metrics": {"original_sr": 22050.0, "duration_sec": 5.0, "rms": 0.0, "peak": 0.0, "silence_like": 1.0}}
{"timestamp": "2025-11-14T17:55:34.957560Z", "file_path": "V:\\vishnu\\notes pdf\\5th SEM\\mini project(3c)\\project-1\\tmp_short.wav", "reason": "short_clip", "metrics": {"original_sr": 22050.0, "duration_sec": 1.0}}
{"timestamp": "2025-11-14T17:55:56.620193Z", "file_path": "V:\\vishnu\\notes pdf\\5th SEM\\mini project(3c)\\project-1\\tmp_noise.wav", "reason": "low_snr", "metrics": {"original_sr": 22050.0, "duration_sec": 30.0, "rms": 0.29981252551078796, "peak": 1.0, "speech_fraction": 0.0, "snr_db": 0.27053375963738197, "snr_reason": "below_threshold"}}
{"timestamp": "2025-11-14T17:56:06.724710Z", "file_path": "V:\\vishnu\\notes pdf\\5th SEM\\mini project(3c)\\project-1\\does_not_exist.wav", "reason": "corrupt", "metrics": {"error": "[Errno 2] No such file or directory: 'does_not_exist.wav'"}}
{"timestamp": "2025-11-14T17:57:33.886275Z", "file_path": "V:\\vishnu\\notes pdf\\5th SEM\\mini project(3c)\\project-1\\tmp_silence.wav", "reason": "low_snr", "metrics": {"original_sr": 22050.0, "duration_sec": 5.0, "rms": 0.0, "peak": 0.0, "silence_like": 1.0}}
{"timestamp": "2025-11-14T17:57:45.902167Z", "file_path": "V:\\vishnu\\notes pdf\\5th SEM\\mini project(3c)\\project-1\\tmp_short.wav", "reason": "short_clip", "metrics": {"original_sr": 22050.0, "duration_sec": 1.0}}
{"timestamp": "2025-11-14T17:57:58.253511Z", "file_path": "V:\\vishnu\\notes pdf\\5th SEM\\mini project(3c)\\project-1\\tmp_noise.wav", "reason": "low_snr", "metrics": {"original_sr": 22050.0, "duration_sec": 30.0, "rms": 0.29981252551078796, "peak": 1.0, "speech_fraction": 0.0, "snr_db": 0.27053375963738197, "snr_reason": "below_threshold"}}
{"timestamp": "2025-11-14T18:00:59.392344Z", "file_path": "C:\\Users\\vishn\\Downloads\\silence_no_sound.mp3", "reason": "low_snr", "metrics": {"original_sr": 44100.0, "duration_sec": 10.657732426303856, "rms": 0.0, "peak": 0.0, "silence_like": 1.0}}
{"timestamp": "2025-11-14T18:03:29.444281Z", "file_path": "C:\\Users\\vishn\\Downloads\\timvenu-traffic-sound-426901.mp3", "reason": "low_snr", "metrics": {"original_sr": 44100.0, "duration_sec": 68.8065306122449, "rms": 0.08840392529964447, "peak": 0.6815112829208374, "speech_fraction": 0.9699730094466936, "snr_db": 5.874314250429794, "snr_reason": "below_threshold"}}
{"timestamp": "2025-11-14T18:04:15.435177Z", "file_path": "C:\\Users\\vishn\\Downloads\\music1.mp3", "reason": "speech_music_overlap", "metrics": {"original_sr": 48000.0, "duration_sec": 98.54403628117913, "rms": 0.13377049565315247, "peak": 0.7167803049087524, "speech_fraction": 0.43166823751178135, "snr_db": 7.629604792447195, "music_ratio": 0.5697731424761031, "spectral_centroid": 2532.696503886603, "speech_music_overlap": 1.0}}
{"timestamp": "2025-11-14T18:04:36.216121Z", "file_path": "C:\\Users\\vishn\\Downloads\\The_Weeknd_ft._Daft_Punk_-_Starboy_(mp3.pm).mp3", "reason": "low_snr", "metrics": {"original_sr": 44100.0, "duration_sec": 230.47945578231293, "rms": 0.3189176917076111, "peak": 0.9564434289932251, "speech_fraction": 0.13590570219625225, "snr_db": 4.700184919213377, "snr_reason": "below_threshold"}}
{"timestamp": "2025-11-14T18:06:20.708775Z", "file_path": "V:\\vishnu\\notes pdf\\5th SEM\\mini project(3c)\\project-1\\tmp_noise.wav", "reason": "live_acoustics", "metrics": {"original_sr": 22050.0, "duration_sec": 30.0, "rms": 0.29981252551078796, "peak": 1.0, "speech_fraction": 0.0, "snr_db": 0.27053375963738197, "snr_reason": "below_threshold", "music_ratio": 0.2569329638309907, "flatness_ratio": 1.0, "live_candidate": 1.0}}
{"timestamp": "2025-11-14T18:06:37.378126Z", "file_path": "V:\\vishnu\\notes pdf\\5th SEM\\mini project(3c)\\project-1\\tmp_silence.wav", "reason": "low_snr", "metrics": {"original_sr": 22050.0, "duration_sec": 5.0, "rms": 0.0, "peak": 0.0, "silence_like": 1.0}}
{"timestamp": "2025-11-14T20:04:58.091373Z", "file_path": "C:\\path\\to\\validation\\track.mp3", "reason": "corrupt", "metrics": {"error": "[Errno 2] No such file or directory: 'C:\\\\path\\\\to\\\\validation\\\\track.mp3'"}}
{"timestamp": "2025-11-14T20:11:16.730363Z", "file_path": "C:\\Users\\vishn\\Music\\validation_pop_track.mp3", "reason": "corrupt", "metrics": {"error": "[Errno 2] No such file or directory: 'C:\\\\Users\\\\vishn\\\\Music\\\\validation_pop_track.mp3'"}}
{"timestamp": "2025-11-14T20:45:59.968079Z", "file_path": "V:\\vishnu\\notes pdf\\5th SEM\\mini project(3c)\\project-1\\tmp_silence.wav", "reason": "low_snr", "metrics": {"original_sr": 22050.0, "duration_sec": 5.0, "rms": 0.0, "peak": 0.0, "silence_like": 1.0}}
{"timestamp": "2025-11-14T20:46:08.416125Z", "file_path": "V:\\vishnu\\notes pdf\\5th SEM\\mini project(3c)\\project-1\\tmp_silence.wav", "reason": "low_snr", "metrics": {"original_sr": 22050.0, "duration_sec": 5.0, "rms": 0.0, "peak": 0.0, "silence_like": 1.0}}
{"timestamp": "2025-11-14T20:46:17.626465Z", "file_path": "V:\\vishnu\\notes pdf\\5th SEM\\mini project(3c)\\project-1\\tmp_short.wav", "reason": "short_clip", "metrics": {"original_sr": 22050.0, "duration_sec": 1.0}}
{"timestamp": "2025-11-14T20:46:34.065925Z", "file_path": "V:\\vishnu\\notes pdf\\5th SEM\\mini project(3c)\\project-1\\tmp_noise.wav", "reason": "live_acoustics", "metrics": {"original_sr": 22050.0, "duration_sec": 30.0, "rms": 0.29981252551078796, "peak": 1.0, "speech_fraction": 0.0, "snr_db": 0.27053375963738197, "snr_reason": "below_threshold", "music_ratio": 0.2569329638309907, "flatness_ratio": 1.0, "live_candidate": 1.0}}
{"timestamp": "2025-11-14T20:46:42.855453Z", "file_path": "V:\\vishnu\\notes pdf\\5th SEM\\mini project(3c)\\project-1\\genres_original\\pop\\pop.00000.wav", "reason": "corrupt", "metrics": {"error": "[Errno 2] No such file or directory: 'genres_original\\\\pop\\\\pop.00000.wav'"}}
